{
  "RSpec": {
    "coverage": {
      "/Users/rachelmunoz/Desktop/easycalendar/app/helpers/home_helper.rb": [
        1,
        null
      ],
      "/Users/rachelmunoz/Desktop/easycalendar/app/helpers/sessions_helper.rb": [
        1,
        null
      ],
      "/Users/rachelmunoz/Desktop/easycalendar/app/models/user.rb": [
        1,
        null,
        null,
        1,
        null,
        1,
        1,
        1,
        1,
        1,
        1,
        1,
        1,
        1,
        1,
        1,
        1,
        1,
        1,
        null,
        1,
        0,
        0,
        0,
        0,
        0,
        null,
        null,
        null,
        null
      ],
      "/Users/rachelmunoz/Desktop/easycalendar/app/models/application_record.rb": [
        1,
        1,
        null
      ],
      "/Users/rachelmunoz/Desktop/easycalendar/app/controllers/home_controller.rb": [
        1,
        1,
        null,
        null
      ],
      "/Users/rachelmunoz/Desktop/easycalendar/app/controllers/sessions_controller.rb": [
        1,
        1,
        null,
        0,
        0,
        0,
        0,
        0,
        null,
        null,
        1,
        0,
        0,
        null,
        null,
        1,
        null,
        1,
        0,
        null,
        null
      ],
      "/Users/rachelmunoz/Desktop/easycalendar/app/models/activity.rb": [
        1,
        1,
        1,
        null,
        1,
        null
      ],
      "/Users/rachelmunoz/Desktop/easycalendar/app/models/appointment.rb": [
        1,
        1,
        1,
        1,
        1,
        null,
        1,
        1,
        1,
        null,
        1,
        1,
        1,
        null
      ],
      "/Users/rachelmunoz/Desktop/easycalendar/app/models/child.rb": [
        1,
        1,
        1,
        null,
        1,
        null
      ],
      "/Users/rachelmunoz/Desktop/easycalendar/app/models/client_location.rb": [
        1,
        1,
        1,
        null,
        1,
        1,
        null
      ],
      "/Users/rachelmunoz/Desktop/easycalendar/app/models/coach_activity.rb": [
        1,
        1,
        1,
        null,
        1,
        1,
        null
      ],
      "/Users/rachelmunoz/Desktop/easycalendar/app/models/coach_location.rb": [
        1,
        1,
        1,
        null,
        1,
        1,
        null
      ],
      "/Users/rachelmunoz/Desktop/easycalendar/app/models/invite.rb": [
        1,
        1,
        1,
        1,
        1,
        null,
        1,
        1,
        null
      ],
      "/Users/rachelmunoz/Desktop/easycalendar/app/models/location.rb": [
        1,
        1,
        1,
        null,
        1,
        1,
        null
      ],
      "/Users/rachelmunoz/Desktop/easycalendar/app/models/message.rb": [
        1,
        1,
        1,
        1,
        1,
        null,
        1,
        1,
        1,
        1,
        null
      ],
      "/Users/rachelmunoz/Desktop/easycalendar/app/models/notification_receiver.rb": [
        1,
        1,
        1,
        null,
        1,
        1,
        null
      ],
      "/Users/rachelmunoz/Desktop/easycalendar/app/models/notification.rb": [
        1,
        1,
        1,
        1,
        1,
        null,
        1,
        1,
        null
      ],
      "/Users/rachelmunoz/Desktop/easycalendar/app/controllers/angular_test_controller.rb": [
        0,
        0,
        0,
        0,
        0
      ],
      "/Users/rachelmunoz/Desktop/easycalendar/app/controllers/messages_controller.rb": [
        0,
        0,
        0,
        0,
        0,
        0,
        0,
        0,
        0,
        0,
        0,
        0,
        0,
        0,
        0,
        0,
        0,
        0,
        0,
        0,
        0,
        0,
        0,
        0,
        0,
        0,
        0,
        0,
        0,
        0,
        0,
        0,
        0,
        0,
        0,
        0,
        0,
        0,
        0,
        0,
        0,
        0,
        0,
        0,
        0,
        0,
        0,
        0
      ],
      "/Users/rachelmunoz/Desktop/easycalendar/app/controllers/omniauth_callbacks_controller.rb": [
        0,
        0,
        0,
        0,
        0,
        0,
        0,
        0,
        0,
        0,
        0,
        0,
        0,
        0,
        0,
        0,
        0
      ],
      "/Users/rachelmunoz/Desktop/easycalendar/app/controllers/users_controller.rb": [
        0,
        0,
        0,
        0,
        0,
        0,
        0,
        0
      ],
      "/Users/rachelmunoz/Desktop/easycalendar/app/models/omniauthable.rb": [

      ],
      "/Users/rachelmunoz/Desktop/easycalendar/app/services/calendar.rb": [

      ]
    },
    "timestamp": 1475446388
  }
}
